<?xml version="1.0" encoding="UTF-8"?>
<testsuite xmlns:xsi="http://www.w3.org/2001/XMLSchema-instance" xsi:noNamespaceSchemaLocation="https://maven.apache.org/surefire/maven-surefire-plugin/xsd/surefire-test-report.xsd" name="TestSuite" time="1.379" tests="14" errors="0" skipped="0" failures="7">
  <properties>
    <property name="java.specification.version" value="19"/>
    <property name="sun.cpu.isalist" value="amd64"/>
    <property name="sun.jnu.encoding" value="Cp1252"/>
    <property name="java.class.path" value="C:\Users\AN515-57\OneDrive\Desktop\FPT Studying\Java Language Project\after-semester-5\databasedriver-maven\target\test-classes;C:\Users\AN515-57\OneDrive\Desktop\FPT Studying\Java Language Project\after-semester-5\databasedriver-maven\target\classes;C:\Users\AN515-57\.m2\repository\com\microsoft\sqlserver\mssql-jdbc\12.2.0.jre11\mssql-jdbc-12.2.0.jre11.jar;C:\Users\AN515-57\.m2\repository\org\testng\testng\7.7.1\testng-7.7.1.jar;C:\Users\AN515-57\.m2\repository\org\slf4j\slf4j-api\1.7.36\slf4j-api-1.7.36.jar;C:\Users\AN515-57\.m2\repository\com\beust\jcommander\1.82\jcommander-1.82.jar;C:\Users\AN515-57\.m2\repository\org\webjars\jquery\3.6.1\jquery-3.6.1.jar;"/>
    <property name="java.vm.vendor" value="Oracle Corporation"/>
    <property name="sun.arch.data.model" value="64"/>
    <property name="user.variant" value=""/>
    <property name="java.vendor.url" value="https://java.oracle.com/"/>
    <property name="user.timezone" value="Asia/Saigon"/>
    <property name="os.name" value="Windows 11"/>
    <property name="java.vm.specification.version" value="19"/>
    <property name="user.country" value="US"/>
    <property name="sun.java.launcher" value="SUN_STANDARD"/>
    <property name="sun.boot.library.path" value="C:\Program Files\Java\jdk-19\bin"/>
    <property name="sun.java.command" value="C:\Users\AN515-57\AppData\Local\Temp\surefire17573191911760680163\surefirebooter2842108835086018528.jar C:\Users\AN515-57\AppData\Local\Temp\surefire17573191911760680163 2023-03-06T22-52-39_362-jvmRun1 surefire4291908526544702608tmp surefire_011694446783156138980tmp"/>
    <property name="jdk.debug" value="release"/>
    <property name="surefire.test.class.path" value="C:\Users\AN515-57\OneDrive\Desktop\FPT Studying\Java Language Project\after-semester-5\databasedriver-maven\target\test-classes;C:\Users\AN515-57\OneDrive\Desktop\FPT Studying\Java Language Project\after-semester-5\databasedriver-maven\target\classes;C:\Users\AN515-57\.m2\repository\com\microsoft\sqlserver\mssql-jdbc\12.2.0.jre11\mssql-jdbc-12.2.0.jre11.jar;C:\Users\AN515-57\.m2\repository\org\testng\testng\7.7.1\testng-7.7.1.jar;C:\Users\AN515-57\.m2\repository\org\slf4j\slf4j-api\1.7.36\slf4j-api-1.7.36.jar;C:\Users\AN515-57\.m2\repository\com\beust\jcommander\1.82\jcommander-1.82.jar;C:\Users\AN515-57\.m2\repository\org\webjars\jquery\3.6.1\jquery-3.6.1.jar;"/>
    <property name="sun.cpu.endian" value="little"/>
    <property name="user.home" value="C:\Users\AN515-57"/>
    <property name="user.language" value="en"/>
    <property name="java.specification.vendor" value="Oracle Corporation"/>
    <property name="java.version.date" value="2022-10-18"/>
    <property name="java.home" value="C:\Program Files\Java\jdk-19"/>
    <property name="file.separator" value="\"/>
    <property name="basedir" value="C:\Users\AN515-57\OneDrive\Desktop\FPT Studying\Java Language Project\after-semester-5\databasedriver-maven"/>
    <property name="java.vm.compressedOopsMode" value="32-bit"/>
    <property name="line.separator" value="&#10;"/>
    <property name="java.vm.specification.vendor" value="Oracle Corporation"/>
    <property name="java.specification.name" value="Java Platform API Specification"/>
    <property name="surefire.real.class.path" value="C:\Users\AN515-57\AppData\Local\Temp\surefire17573191911760680163\surefirebooter2842108835086018528.jar"/>
    <property name="user.script" value=""/>
    <property name="sun.management.compiler" value="HotSpot 64-Bit Tiered Compilers"/>
    <property name="java.runtime.version" value="19.0.1+10-21"/>
    <property name="user.name" value="AN515-57"/>
    <property name="stdout.encoding" value="Cp1252"/>
    <property name="path.separator" value=";"/>
    <property name="os.version" value="10.0"/>
    <property name="java.runtime.name" value="Java(TM) SE Runtime Environment"/>
    <property name="file.encoding" value="UTF-8"/>
    <property name="java.vm.name" value="Java HotSpot(TM) 64-Bit Server VM"/>
    <property name="maven.ext.class.path" value="C:\Program Files\NetBeans-16\netbeans\java\maven-nblib\netbeans-eventspy.jar"/>
    <property name="localRepository" value="C:\Users\AN515-57\.m2\repository"/>
    <property name="java.vendor.url.bug" value="https://bugreport.java.com/bugreport/"/>
    <property name="java.io.tmpdir" value="C:\Users\AN515-57\AppData\Local\Temp\"/>
    <property name="java.version" value="19.0.1"/>
    <property name="user.dir" value="C:\Users\AN515-57\OneDrive\Desktop\FPT Studying\Java Language Project\after-semester-5\databasedriver-maven"/>
    <property name="os.arch" value="amd64"/>
    <property name="java.vm.specification.name" value="Java Virtual Machine Specification"/>
    <property name="sun.os.patch.level" value=""/>
    <property name="native.encoding" value="Cp1252"/>
    <property name="java.library.path" value="C:\Program Files\Java\jdk-19\bin;C:\WINDOWS\Sun\Java\bin;C:\WINDOWS\system32;C:\WINDOWS;C:\Program Files\Common Files\Oracle\Java\javapath;C:\Program Files (x86)\Common Files\Oracle\Java\javapath;C:\Windows\system32;C:\Windows;C:\Windows\System32\Wbem;C:\Windows\System32\WindowsPowerShell\v1.0\;C:\Windows\System32\OpenSSH\;C:\Program Files (x86)\NVIDIA Corporation\PhysX\Common;C:\Program Files\NVIDIA Corporation\NVIDIA NvDLISR;C:\WINDOWS\system32;C:\WINDOWS;C:\WINDOWS\System32\Wbem;C:\WINDOWS\System32\WindowsPowerShell\v1.0\;C:\WINDOWS\System32\OpenSSH\;C:\Program Files\Cloudflare\Cloudflare WARP\;C:\Program Files (x86)\Microsoft SQL Server\160\Tools\Binn\;C:\Program Files\Microsoft SQL Server\160\Tools\Binn\;C:\Program Files\Microsoft SQL Server\Client SDK\ODBC\170\Tools\Binn\;C:\Program Files\Microsoft SQL Server\160\DTS\Binn\;C:\Program Files (x86)\Microsoft SQL Server\150\DTS\Binn\;C:\Program Files\Azure Data Studio\bin;C:\Program Files\Microsoft SQL Server\150\Tools\Binn\;C:\Program Files\dotnet\;C:\Program Files\NetBeans-16\netbeans\extide\ant\bin;C:\Program Files\Git\cmd;C:\Program Files\Docker\Docker\resources\bin;C:\Program Files (x86)\Microsoft SQL Server\160\DTS\Binn\;C:\Program Files\apache-maven-3.9.0\bin;C:\Users\AN515-57\AppData\Local\Microsoft\WindowsApps;C:\Program Files\Azure Data Studio\bin;C:\Users\AN515-57\.dotnet\tools;C:\Users\AN515-57\AppData\Local\GitHubDesktop\bin;."/>
    <property name="java.vm.info" value="mixed mode, sharing"/>
    <property name="stderr.encoding" value="Cp1252"/>
    <property name="java.vendor" value="Oracle Corporation"/>
    <property name="java.vm.version" value="19.0.1+10-21"/>
    <property name="sun.io.unicode.encoding" value="UnicodeLittle"/>
    <property name="java.class.version" value="63.0"/>
  </properties>
  <testcase name="parameterTest" classname="org.teamswt301.dirverdatabasedata.dao.test.ExamParametersTest" time="0.014"/>
  <testcase name="testSearchFunctionOnCharacterDatabase" classname="org.teamswt301.dirverdatabasedata.dao.test.TestCRUDFunctionOnCharacterDatabase" time="0.001"/>
  <testcase name="testPrintMessage" classname="org.teamswt301.dirverdatabasedata.dao.test.DAOTesting" time="0.001"/>
  <testcase name="testFunctionsearchCharacterGivenExistArgurment" classname="org.teamswt301.dirverdatabasedata.dao.test.DAOTesting" time="0.029"/>
  <testcase name="testGetListCharacterDAO" classname="org.teamswt301.dirverdatabasedata.dao.test.DAOTesting" time="0.043">
    <failure message="expected [6] but found [7]" type="java.lang.AssertionError">java.lang.AssertionError: expected [6] but found [7]
	at org.teamswt301.dirverdatabasedata.dao.test.DAOTesting.testGetListCharacterDAO(DAOTesting.java:40)
</failure>
  </testcase>
  <testcase name="testFunctionGetListCharacterDAOWithDataFromDAO" classname="org.teamswt301.dirverdatabasedata.dao.test.CharacterCRUDTest" time="0.004"/>
  <testcase name="testFunctionGetListCharacterDAOWithDataFromDAO" classname="org.teamswt301.dirverdatabasedata.dao.test.CharacterCRUDTest" time="0">
    <failure message="expected [2] but found [123]" type="java.lang.AssertionError">java.lang.AssertionError: expected [2] but found [123]
	at org.teamswt301.dirverdatabasedata.dao.test.CharacterCRUDTest.testFunctionGetListCharacterDAOWithDataFromDAO(CharacterCRUDTest.java:44)
</failure>
  </testcase>
  <testcase name="testFunctionGetListCharacterDAOWithDataFromDAO" classname="org.teamswt301.dirverdatabasedata.dao.test.CharacterCRUDTest" time="0">
    <failure message="expected [3] but found [2]" type="java.lang.AssertionError">java.lang.AssertionError: expected [3] but found [2]
	at org.teamswt301.dirverdatabasedata.dao.test.CharacterCRUDTest.testFunctionGetListCharacterDAOWithDataFromDAO(CharacterCRUDTest.java:44)
</failure>
  </testcase>
  <testcase name="testFunctionGetListCharacterDAOWithDataFromDAO" classname="org.teamswt301.dirverdatabasedata.dao.test.CharacterCRUDTest" time="0">
    <failure message="expected [4] but found [3]" type="java.lang.AssertionError">java.lang.AssertionError: expected [4] but found [3]
	at org.teamswt301.dirverdatabasedata.dao.test.CharacterCRUDTest.testFunctionGetListCharacterDAOWithDataFromDAO(CharacterCRUDTest.java:44)
</failure>
  </testcase>
  <testcase name="testFunctionGetListCharacterDAOWithDataFromDAO" classname="org.teamswt301.dirverdatabasedata.dao.test.CharacterCRUDTest" time="0.001">
    <failure message="expected [5] but found [4]" type="java.lang.AssertionError">java.lang.AssertionError: expected [5] but found [4]
	at org.teamswt301.dirverdatabasedata.dao.test.CharacterCRUDTest.testFunctionGetListCharacterDAOWithDataFromDAO(CharacterCRUDTest.java:44)
</failure>
  </testcase>
  <testcase name="testFunctionGetListCharacterDAOWithDataFromDAO" classname="org.teamswt301.dirverdatabasedata.dao.test.CharacterCRUDTest" time="0">
    <failure message="expected [6] but found [5]" type="java.lang.AssertionError">java.lang.AssertionError: expected [6] but found [5]
	at org.teamswt301.dirverdatabasedata.dao.test.CharacterCRUDTest.testFunctionGetListCharacterDAOWithDataFromDAO(CharacterCRUDTest.java:44)
</failure>
  </testcase>
  <testcase name="testCreateCharacterWithValues1" classname="org.teamswt301.dirverdatabasedata.dao.test.CharacterCRUDNGTest" time="0"/>
  <testcase name="testCreateCharacterWithValues2" classname="org.teamswt301.dirverdatabasedata.dao.test.CharacterCRUDNGTest" time="0"/>
  <testcase name="testCreateCharacterWithValues3" classname="org.teamswt301.dirverdatabasedata.dao.test.CharacterCRUDNGTest" time="0.055">
    <failure message="expected [true] but found [false]" type="java.lang.AssertionError">java.lang.AssertionError: expected [true] but found [false]
	at org.teamswt301.dirverdatabasedata.dao.test.CharacterCRUDNGTest.testCreateCharacterWithValues3(CharacterCRUDNGTest.java:55)
</failure>
  </testcase>
</testsuite>